[0m22:11:51.327062 [debug] [MainThread]: Sending event: {'category': 'dbt', 'action': 'invocation', 'label': 'start', 'context': [<snowplow_tracker.self_describing_json.SelfDescribingJson object at 0x1076a0440>, <snowplow_tracker.self_describing_json.SelfDescribingJson object at 0x10856f890>, <snowplow_tracker.self_describing_json.SelfDescribingJson object at 0x10856f9d0>]}


============================== 22:11:51.334663 | 2a8aa7b7-cf58-42b8-94ca-e2c6a59703c8 ==============================
[0m22:11:51.334663 [info ] [MainThread]: Running with dbt=1.11.6
[0m22:11:51.335499 [debug] [MainThread]: running dbt with arguments {'empty': 'None', 'write_json': 'True', 'warn_error': 'None', 'indirect_selection': 'eager', 'target_path': 'None', 'log_path': 'logs', 'introspect': 'True', 'version_check': 'True', 'send_anonymous_usage_stats': 'True', 'printer_width': '80', 'warn_error_options': 'WarnErrorOptionsV2(error=[], warn=[], silence=[])', 'debug': 'False', 'log_format': 'default', 'cache_selected_only': 'False', 'quiet': 'False', 'profiles_dir': '/Users/scarlsson/.dbt', 'use_colors': 'True', 'invocation_command': 'dbt init', 'partial_parse': 'True', 'static_parser': 'True', 'log_cache_events': 'False', 'no_print': 'None', 'use_experimental_parser': 'False', 'fail_fast': 'False'}
[0m22:11:51.360209 [info ] [MainThread]: Creating dbt configuration folder at /Users/scarlsson/.dbt
[0m22:29:09.562248 [debug] [MainThread]: Starter project path: /Users/scarlsson/Programmering/Current projects/shl-data-insights/venv/lib/python3.13/site-packages/dbt/include/starter_project
[0m22:29:09.577303 [info ] [MainThread]: 
Your new dbt project "shl_data_insights" was created!

For more information on how to configure the profiles.yml file,
please consult the dbt documentation here:

  https://docs.getdbt.com/docs/configure-your-profile

One more thing:

Need help? Don't hesitate to reach out to us via GitHub issues or on Slack:

  https://community.getdbt.com/

Happy modeling!

[0m22:29:09.578055 [info ] [MainThread]: Setting up your profile.
[0m22:31:26.887740 [info ] [MainThread]: Profile shl_data_insights written to /Users/scarlsson/.dbt/profiles.yml using target's profile_template.yml and your supplied values. Run 'dbt debug' to validate the connection.
[0m22:31:26.926115 [debug] [MainThread]: Resource report: {"command_name": "init", "command_success": true, "command_wall_clock_time": 1175.5907, "process_in_blocks": "0", "process_kernel_time": 0.416271, "process_mem_max_rss": "103788544", "process_out_blocks": "0", "process_user_time": 1.578721}
[0m22:31:26.926876 [debug] [MainThread]: Command `dbt init` succeeded at 22:31:26.926731 after 1175.59 seconds
[0m22:31:26.927360 [debug] [MainThread]: Sending event: {'category': 'dbt', 'action': 'invocation', 'label': 'end', 'context': [<snowplow_tracker.self_describing_json.SelfDescribingJson object at 0x1086e5940>, <snowplow_tracker.self_describing_json.SelfDescribingJson object at 0x107f10ef0>, <snowplow_tracker.self_describing_json.SelfDescribingJson object at 0x1085e39b0>]}
[0m22:31:26.927867 [debug] [MainThread]: Flushing usage events
[0m22:31:27.499581 [debug] [MainThread]: An error was encountered while trying to flush usage events
